This is pdfTeX, Version 3.141592653-2.6-1.40.26 (TeX Live 2024/Arch Linux) (preloaded format=pdflatex 2024.5.18)  18 MAY 2024 18:09
entering extended mode
 restricted \write18 enabled.
 %&-line parsing enabled.
**refman.tex
(./refman.tex
LaTeX2e <2023-11-01> patch level 1
L3 programming layer <2024-02-20>
(/usr/share/texmf-dist/tex/latex/base/book.cls
Document Class: book 2023/05/17 v1.4n Standard LaTeX document class
(/usr/share/texmf-dist/tex/latex/base/bk10.clo
File: bk10.clo 2023/05/17 v1.4n Standard LaTeX file (size option)
)
\c@part=\count188
\c@chapter=\count189
\c@section=\count190
\c@subsection=\count191
\c@subsubsection=\count192
\c@paragraph=\count193
\c@subparagraph=\count194
\c@figure=\count195
\c@table=\count196
\abovecaptionskip=\skip48
\belowcaptionskip=\skip49
\bibindent=\dimen140
)
(/usr/share/texmf-dist/tex/latex/base/ifthen.sty
Package: ifthen 2022/04/13 v1.1d Standard LaTeX ifthen package (DPC)
)
(/usr/share/texmf-dist/tex/latex/tools/array.sty
Rollback for package 'array' requested -> date 2016-10-06.
         Best approximation is the release introduced on 2016-10-06.

(/usr/share/texmf-dist/tex/latex/tools/array-2016-10-06.sty
Package: array 2016/10/06 v2.4d Tabular extension package (FMi)
\col@sep=\dimen141
\extrarowheight=\dimen142
\NC@list=\toks17
\extratabsurround=\skip50
\backup@length=\skip51
))
(/usr/share/texmf-dist/tex/generic/infwarerr/infwarerr.sty
package info suppressed
) (./doxygen.sty
Package: doxygen 

(/usr/share/texmf-dist/tex/latex/base/alltt.sty
Package: alltt 2021/01/29 v2.0g defines alltt environment
)
(/usr/share/texmf-dist/tex/latex/tools/calc.sty
Package: calc 2023/07/08 v4.3 Infix arithmetic (KKT,FJ)
\calc@Acount=\count197
\calc@Bcount=\count198
\calc@Adimen=\dimen143
\calc@Bdimen=\dimen144
\calc@Askip=\skip52
\calc@Bskip=\skip53
LaTeX Info: Redefining \setlength on input line 80.
LaTeX Info: Redefining \addtolength on input line 81.
\calc@Ccount=\count199
\calc@Cskip=\skip54
)
(/usr/share/texmf-dist/tex/latex/float/float.sty
Package: float 2001/11/08 v1.3d Float enhancements (AL)
\c@float@type=\count266
\float@exts=\toks18
\float@box=\box51
\@float@everytoks=\toks19
\@floatcapt=\box52
)
(/usr/share/texmf-dist/tex/latex/tools/verbatim.sty
Package: verbatim 2023-11-06 v1.5v LaTeX2e package for verbatim enhancements
\every@verbatim=\toks20
\verbatim@line=\toks21
\verbatim@in@stream=\read2
)
(/usr/share/texmf-dist/tex/latex/xcolor/xcolor.sty
Package: xcolor 2023/11/15 v3.01 LaTeX color extensions (UK)

(/usr/share/texmf-dist/tex/latex/graphics-cfg/color.cfg
File: color.cfg 2016/01/02 v1.6 sample color configuration
)
Package xcolor Info: Driver file: pdftex.def on input line 274.

(/usr/share/texmf-dist/tex/latex/graphics-def/pdftex.def
File: pdftex.def 2022/09/22 v1.2b Graphics/color driver for pdftex
)
(/usr/share/texmf-dist/tex/latex/graphics/mathcolor.ltx)
Package xcolor Info: Model `cmy' substituted by `cmy0' on input line 1350.
Package xcolor Info: Model `hsb' substituted by `rgb' on input line 1354.
Package xcolor Info: Model `RGB' extended on input line 1366.
Package xcolor Info: Model `HTML' substituted by `rgb' on input line 1368.
Package xcolor Info: Model `Hsb' substituted by `hsb' on input line 1369.
Package xcolor Info: Model `tHsb' substituted by `hsb' on input line 1370.
Package xcolor Info: Model `HSB' substituted by `hsb' on input line 1371.
Package xcolor Info: Model `Gray' substituted by `gray' on input line 1372.
Package xcolor Info: Model `wave' substituted by `hsb' on input line 1373.
)
(/usr/share/texmf-dist/tex/latex/colortbl/colortbl.sty
Package: colortbl 2024/02/20 v1.0g Color table columns (DPC)
\everycr=\toks22
\minrowclearance=\skip55
\rownum=\count267
)
(./longtable_doxygen.sty
Package: longtable_doxygen 2014/10/28 v4.11 Multi-page Table package (DPC) - fr
ozen version for doxygen
\LTleft=\skip56
\LTright=\skip57
\LTpre=\skip58
\LTpost=\skip59
\LTchunksize=\count268
\LTcapwidth=\dimen145
\LT@head=\box53
\LT@firsthead=\box54
\LT@foot=\box55
\LT@lastfoot=\box56
\LT@cols=\count269
\LT@rows=\count270
\c@LT@tables=\count271
\c@LT@chunks=\count272
\LT@p@ftn=\toks23
) (./tabu_doxygen.sty
Package: tabu_doxygen 2011/02/26 v2.8 - flexible LaTeX tabulars (FC), frozen ve
rsion for doxygen

(/usr/share/texmf-dist/tex/latex/varwidth/varwidth.sty
Package: varwidth 2009/03/30 ver 0.92;  Variable-width minipages
\@vwid@box=\box57
\sift@deathcycles=\count273
\@vwid@loff=\dimen146
\@vwid@roff=\dimen147
)
\c@taburow=\count274
\tabu@nbcols=\count275
\tabu@cnt=\count276
\tabu@Xcol=\count277
\tabu@alloc=\count278
\tabu@nested=\count279
\tabu@target=\dimen148
\tabu@spreadtarget=\dimen149
\tabu@naturalX=\dimen150
\tabucolX=\dimen151
\tabu@Xsum=\dimen152
\extrarowdepth=\dimen153
\abovetabulinesep=\dimen154
\belowtabulinesep=\dimen155
\tabustrutrule=\dimen156
\tabu@thebody=\toks24
\tabu@footnotes=\toks25
\tabu@box=\box58
\tabu@arstrutbox=\box59
\tabu@hleads=\box60
\tabu@vleads=\box61
\tabu@cellskip=\skip60
)
(/usr/share/texmf-dist/tex/latex/fancyvrb/fancyvrb.sty
Package: fancyvrb 2024/01/20 4.5c verbatim text (tvz,hv)

(/usr/share/texmf-dist/tex/latex/graphics/keyval.sty
Package: keyval 2022/05/29 v1.15 key=value parser (DPC)
\KV@toks@=\toks26
)
\FV@CodeLineNo=\count280
\FV@InFile=\read3
\FV@TabBox=\box62
\c@FancyVerbLine=\count281
\FV@StepNumber=\count282
\FV@OutFile=\write3
)
(/usr/share/texmf-dist/tex/latex/tools/tabularx.sty
Package: tabularx 2023/07/08 v2.11c `tabularx' package (DPC)
\TX@col@width=\dimen157
\TX@old@table=\dimen158
\TX@old@col=\dimen159
\TX@target=\dimen160
\TX@delta=\dimen161
\TX@cols=\count283
\TX@ftn=\toks27
)
(/usr/share/texmf-dist/tex/latex/tools/multicol.sty
Package: multicol 2023/03/30 v1.9f multicolumn formatting (FMi)
\c@tracingmulticols=\count284
\mult@box=\box63
\multicol@leftmargin=\dimen162
\c@unbalance=\count285
\c@collectmore=\count286
\doublecol@number=\count287
\multicoltolerance=\count288
\multicolpretolerance=\count289
\full@width=\dimen163
\page@free=\dimen164
\premulticols=\dimen165
\postmulticols=\dimen166
\multicolsep=\skip61
\multicolbaselineskip=\skip62
\partial@page=\box64
\last@line=\box65
\mc@boxedresult=\box66
\maxbalancingoverflow=\dimen167
\mult@rightbox=\box67
\mult@grightbox=\box68
\mult@firstbox=\box69
\mult@gfirstbox=\box70
\@tempa=\box71
\@tempa=\box72
\@tempa=\box73
\@tempa=\box74
\@tempa=\box75
\@tempa=\box76
\@tempa=\box77
\@tempa=\box78
\@tempa=\box79
\@tempa=\box80
\@tempa=\box81
\@tempa=\box82
\@tempa=\box83
\@tempa=\box84
\@tempa=\box85
\@tempa=\box86
\@tempa=\box87
\@tempa=\box88
\@tempa=\box89
\@tempa=\box90
\@tempa=\box91
\@tempa=\box92
\@tempa=\box93
\@tempa=\box94
\@tempa=\box95
\@tempa=\box96
\@tempa=\box97
\@tempa=\box98
\@tempa=\box99
\@tempa=\box100
\@tempa=\box101
\@tempa=\box102
\@tempa=\box103
\@tempa=\box104
\@tempa=\box105
\@tempa=\box106
\c@minrows=\count290
\c@columnbadness=\count291
\c@finalcolumnbadness=\count292
\last@try=\dimen168
\multicolovershoot=\dimen169
\multicolundershoot=\dimen170
\mult@nat@firstbox=\box107
\colbreak@box=\box108
\mc@col@check@num=\count293
)
(/usr/share/texmf-dist/tex/latex/multirow/multirow.sty
Package: multirow 2021/03/15 v2.8 Span multiple rows of a table
\multirow@colwidth=\skip63
\multirow@cntb=\count294
\multirow@dima=\skip64
\bigstrutjot=\dimen171
)
(/usr/share/texmf-dist/tex/latex/hanging/hanging.sty
Package: hanging 2009/09/02 v1.2b hanging paragraphs and punctuation
\h@ngcommawd=\skip65
\h@ngfstopwd=\skip66
\h@ngquotewd=\skip67
\h@ngdquotewd=\skip68
\h@ngquerywd=\skip69
\h@ngexclwd=\skip70
\h@ngcolonwd=\skip71
\h@ngscolonwd=\skip72
)
(/usr/share/texmf-dist/tex/generic/iftex/ifpdf.sty
Package: ifpdf 2019/10/25 v3.4 ifpdf legacy package. Use iftex instead.

(/usr/share/texmf-dist/tex/generic/iftex/iftex.sty
Package: iftex 2022/02/03 v1.0f TeX engine tests
))
(/usr/share/texmf-dist/tex/latex/adjustbox/adjustbox.sty
Package: adjustbox 2022/10/17 v1.3a Adjusting TeX boxes (trim, clip, ...)

(/usr/share/texmf-dist/tex/latex/xkeyval/xkeyval.sty
Package: xkeyval 2022/06/16 v2.9 package option processing (HA)

(/usr/share/texmf-dist/tex/generic/xkeyval/xkeyval.tex
(/usr/share/texmf-dist/tex/generic/xkeyval/xkvutils.tex
\XKV@toks=\toks28
\XKV@tempa@toks=\toks29
)
\XKV@depth=\count295
File: xkeyval.tex 2014/12/03 v2.7a key=value parser (HA)
))
(/usr/share/texmf-dist/tex/latex/adjustbox/adjcalc.sty
Package: adjcalc 2012/05/16 v1.1 Provides advanced setlength with multiple back
-ends (calc, etex, pgfmath)
)
(/usr/share/texmf-dist/tex/latex/adjustbox/trimclip.sty
Package: trimclip 2020/08/19 v1.2 Trim and clip general TeX material

(/usr/share/texmf-dist/tex/latex/graphics/graphicx.sty
Package: graphicx 2021/09/16 v1.2d Enhanced LaTeX Graphics (DPC,SPQR)

(/usr/share/texmf-dist/tex/latex/graphics/graphics.sty
Package: graphics 2022/03/10 v1.4e Standard LaTeX Graphics (DPC,SPQR)

(/usr/share/texmf-dist/tex/latex/graphics/trig.sty
Package: trig 2021/08/11 v1.11 sin cos tan (DPC)
)
(/usr/share/texmf-dist/tex/latex/graphics-cfg/graphics.cfg
File: graphics.cfg 2016/06/04 v1.11 sample graphics configuration
)
Package graphics Info: Driver file: pdftex.def on input line 107.
)
\Gin@req@height=\dimen172
\Gin@req@width=\dimen173
)
(/usr/share/texmf-dist/tex/latex/collectbox/collectbox.sty
Package: collectbox 2022/10/17 v0.4c Collect macro arguments as boxes
\collectedbox=\box109
)
\tc@llx=\dimen174
\tc@lly=\dimen175
\tc@urx=\dimen176
\tc@ury=\dimen177
Package trimclip Info: Using driver 'tc-pdftex.def'.

(/usr/share/texmf-dist/tex/latex/adjustbox/tc-pdftex.def
File: tc-pdftex.def 2019/01/04 v2.2 Clipping driver for pdftex
))
\adjbox@Width=\dimen178
\adjbox@Height=\dimen179
\adjbox@Depth=\dimen180
\adjbox@Totalheight=\dimen181
\adjbox@pwidth=\dimen182
\adjbox@pheight=\dimen183
\adjbox@pdepth=\dimen184
\adjbox@ptotalheight=\dimen185

(/usr/share/texmf-dist/tex/latex/ifoddpage/ifoddpage.sty
Package: ifoddpage 2022/10/18 v1.2 Conditionals for odd/even page detection
\c@checkoddpage=\count296
))
(/usr/share/texmf-dist/tex/latex/amsfonts/amssymb.sty
Package: amssymb 2013/01/14 v3.01 AMS font symbols

(/usr/share/texmf-dist/tex/latex/amsfonts/amsfonts.sty
Package: amsfonts 2013/01/14 v3.01 Basic AMSFonts support
\@emptytoks=\toks30
\symAMSa=\mathgroup4
\symAMSb=\mathgroup5
LaTeX Font Info:    Redeclaring math symbol \hbar on input line 98.
LaTeX Font Info:    Overwriting math alphabet `\mathfrak' in version `bold'
(Font)                  U/euf/m/n --> U/euf/b/n on input line 106.
))
(/usr/share/texmf-dist/tex/latex/stackengine/stackengine.sty
Package: stackengine 2021/07/22 v4.11\ Stacking text and objects in convenient 
ways

(/usr/share/texmf-dist/tex/latex/etoolbox/etoolbox.sty
Package: etoolbox 2020/10/05 v2.5k e-TeX tools for LaTeX (JAW)
\etb@tempcnta=\count297
)
(/usr/share/texmf-dist/tex/generic/listofitems/listofitems.sty
(/usr/share/texmf-dist/tex/generic/listofitems/listofitems.tex
\loi_cnt_foreach_nest=\count298
\loi_nestcnt=\count299
)
Package: listofitems 2024/03/09 v1.65 Grab items in lists using user-specified 
sep char (CT)
)
\c@@stackindex=\count300
\@boxshift=\skip73
\stack@tmplength=\skip74
\temp@stkl=\skip75
\@stackedboxwidth=\skip76
\@addedbox=\box110
\@anchorbox=\box111
\@insetbox=\box112
\se@backgroundbox=\box113
\stackedbox=\box114
\@centerbox=\box115
\c@ROWcellindex@=\count301
)
(/usr/share/texmf-dist/tex/latex/enumitem/enumitem.sty
Package: enumitem 2019/06/20 v3.9 Customized lists
\labelindent=\skip77
\enit@outerparindent=\dimen186
\enit@toks=\toks31
\enit@inbox=\box116
\enit@count@id=\count302
\enitdp@description=\count303
)
(/usr/share/texmf-dist/tex/generic/alphalph/alphalph.sty
Package: alphalph 2019/12/09 v2.6 Convert numbers to letters (HO)

(/usr/share/texmf-dist/tex/generic/intcalc/intcalc.sty
Package: intcalc 2019/12/15 v1.3 Expandable calculations with integers (HO)
))
(/usr/share/texmf-dist/tex/generic/ulem/ulem.sty
\UL@box=\box117
\UL@hyphenbox=\box118
\UL@skip=\skip78
\UL@hook=\toks32
\UL@height=\dimen187
\UL@pe=\count304
\UL@pixel=\dimen188
\ULC@box=\box119
Package: ulem 2019/11/18
\ULdepth=\dimen189
)
\xrefbox=\box120
\xreflength=\skip79
\CodeWidthChar=\skip80
\CodeHeightChar=\skip81
\DoxyCodeWidth=\skip82
\c@DoxyEnumeratei=\count305
\c@DoxyEnumerateii=\count306
\c@DoxyEnumerateiii=\count307
\c@DoxyEnumerateiv=\count308
\c@DoxyEnumeratev=\count309
\c@DoxyEnumeratevi=\count310
\c@DoxyEnumeratevii=\count311
\c@DoxyEnumerateviii=\count312
\c@DoxyEnumerateix=\count313
\c@DoxyEnumeratex=\count314
\c@DoxyEnumeratexi=\count315
\c@DoxyEnumeratexii=\count316
\enitdp@DoxyEnumerate=\count317
\enitdp@DoxyItemize=\count318
\c@subsubsubsection=\count319
\c@subsubsubsubsection=\count320
\c@subsubsubsubsubsection=\count321
\c@subsubsubsubsubsubsection=\count322
)
(/usr/share/texmf-dist/tex/latex/base/inputenc.sty
Package: inputenc 2021/02/14 v1.3d Input encoding file
\inpenc@prehook=\toks33
\inpenc@posthook=\toks34
)
(/usr/share/texmf-dist/tex/latex/base/makeidx.sty
Package: makeidx 2021/10/04 v1.0m Standard LaTeX package
)
(/usr/share/texmf-dist/tex/latex/base/textcomp.sty
Package: textcomp 2020/02/02 v2.0n Standard LaTeX package
)
(/usr/share/texmf-dist/tex/latex/wasysym/wasysym.sty
Package: wasysym 2020/01/19 v2.4 Wasy-2 symbol support package
\symwasy=\mathgroup6
LaTeX Font Info:    Overwriting symbol font `wasy' in version `bold'
(Font)                  U/wasy/m/n --> U/wasy/b/n on input line 93.
)
(/usr/share/texmf-dist/tex/generic/iftex/ifxetex.sty
Package: ifxetex 2019/10/25 v0.7 ifxetex legacy package. Use iftex instead.
)
(/usr/share/texmf-dist/tex/latex/base/fontenc.sty
Package: fontenc 2021/04/29 v2.0v Standard LaTeX package
)
(/usr/share/texmf-dist/tex/latex/psnfss/helvet.sty
Package: helvet 2020/03/25 PSNFSS-v9.3 (WaS) 
)
(/usr/share/texmf-dist/tex/latex/psnfss/courier.sty
Package: courier 2020/03/25 PSNFSS-v9.3 (WaS) 
)
(/usr/share/texmf-dist/tex/latex/geometry/geometry.sty
Package: geometry 2020/01/02 v5.9 Page Geometry

(/usr/share/texmf-dist/tex/generic/iftex/ifvtex.sty
Package: ifvtex 2019/10/25 v1.7 ifvtex legacy package. Use iftex instead.
)
\Gm@cnth=\count323
\Gm@cntv=\count324
\c@Gm@tempcnt=\count325
\Gm@bindingoffset=\dimen190
\Gm@wd@mp=\dimen191
\Gm@odd@mp=\dimen192
\Gm@even@mp=\dimen193
\Gm@layoutwidth=\dimen194
\Gm@layoutheight=\dimen195
\Gm@layouthoffset=\dimen196
\Gm@layoutvoffset=\dimen197
\Gm@dimlist=\toks35
)
(/usr/share/texmf-dist/tex/latex/changepage/changepage.sty
Package: changepage 2009/10/20 v1.0c check page and change page layout
\c@cp@cntr=\count326
\cp@tempcnt=\count327
LaTeX Info: Redefining \checkoddpage on input line 59.
)
(/usr/share/texmf-dist/tex/latex/fancyhdr/fancyhdr.sty
Package: fancyhdr 2022/11/09 v4.1 Extensive control of page headers and footers

\f@nch@headwidth=\skip83
\f@nch@O@elh=\skip84
\f@nch@O@erh=\skip85
\f@nch@O@olh=\skip86
\f@nch@O@orh=\skip87
\f@nch@O@elf=\skip88
\f@nch@O@erf=\skip89
\f@nch@O@olf=\skip90
\f@nch@O@orf=\skip91
)
(/usr/share/texmf-dist/tex/latex/natbib/natbib.sty
Package: natbib 2010/09/13 8.31b (PWD, AO)
\bibhang=\skip92
\bibsep=\skip93
LaTeX Info: Redefining \cite on input line 694.
\c@NAT@ctr=\count328
)
(/usr/share/texmf-dist/tex/latex/tocloft/tocloft.sty
Package: tocloft 2017/08/31 v2.3i parameterised ToC, etc., typesetting
Package tocloft Info: The document has chapter divisions on input line 51.
\cftparskip=\skip94
\cftbeforetoctitleskip=\skip95
\cftaftertoctitleskip=\skip96
\cftbeforepartskip=\skip97
\cftpartnumwidth=\skip98
\cftpartindent=\skip99
\cftbeforechapskip=\skip100
\cftchapindent=\skip101
\cftchapnumwidth=\skip102
\cftbeforesecskip=\skip103
\cftsecindent=\skip104
\cftsecnumwidth=\skip105
\cftbeforesubsecskip=\skip106
\cftsubsecindent=\skip107
\cftsubsecnumwidth=\skip108
\cftbeforesubsubsecskip=\skip109
\cftsubsubsecindent=\skip110
\cftsubsubsecnumwidth=\skip111
\cftbeforeparaskip=\skip112
\cftparaindent=\skip113
\cftparanumwidth=\skip114
\cftbeforesubparaskip=\skip115
\cftsubparaindent=\skip116
\cftsubparanumwidth=\skip117
\cftbeforeloftitleskip=\skip118
\cftafterloftitleskip=\skip119
\cftbeforefigskip=\skip120
\cftfigindent=\skip121
\cftfignumwidth=\skip122
\c@lofdepth=\count329
\c@lotdepth=\count330
\cftbeforelottitleskip=\skip123
\cftafterlottitleskip=\skip124
\cftbeforetabskip=\skip125
\cfttabindent=\skip126
\cfttabnumwidth=\skip127
)
\@indexfile=\write4
\openout4 = `refman.idx'.


Writing index file refman.idx
(/usr/share/texmf-dist/tex/latex/newunicodechar/newunicodechar.sty
Package: newunicodechar 2018/04/08 v1.2 Defining Unicode characters
)
(/usr/share/texmf-dist/tex/latex/hyperref/hyperref.sty
Package: hyperref 2024-01-20 v7.01h Hypertext links for LaTeX

(/usr/share/texmf-dist/tex/latex/kvsetkeys/kvsetkeys.sty
Package: kvsetkeys 2022-10-05 v1.19 Key value parser (HO)
)
(/usr/share/texmf-dist/tex/generic/kvdefinekeys/kvdefinekeys.sty
Package: kvdefinekeys 2019-12-19 v1.6 Define keys (HO)
)
(/usr/share/texmf-dist/tex/generic/pdfescape/pdfescape.sty
Package: pdfescape 2019/12/09 v1.15 Implements pdfTeX's escape features (HO)

(/usr/share/texmf-dist/tex/generic/ltxcmds/ltxcmds.sty
Package: ltxcmds 2023-12-04 v1.26 LaTeX kernel commands for general use (HO)
)
(/usr/share/texmf-dist/tex/generic/pdftexcmds/pdftexcmds.sty
Package: pdftexcmds 2020-06-27 v0.33 Utility functions of pdfTeX for LuaTeX (HO
)
Package pdftexcmds Info: \pdf@primitive is available.
Package pdftexcmds Info: \pdf@ifprimitive is available.
Package pdftexcmds Info: \pdfdraftmode found.
))
(/usr/share/texmf-dist/tex/latex/hycolor/hycolor.sty
Package: hycolor 2020-01-27 v1.10 Color options for hyperref/bookmark (HO)
)
(/usr/share/texmf-dist/tex/latex/auxhook/auxhook.sty
Package: auxhook 2019-12-17 v1.6 Hooks for auxiliary files (HO)
)
(/usr/share/texmf-dist/tex/latex/hyperref/nameref.sty
Package: nameref 2023-11-26 v2.56 Cross-referencing by name of section

(/usr/share/texmf-dist/tex/latex/refcount/refcount.sty
Package: refcount 2019/12/15 v3.6 Data extraction from label references (HO)
)
(/usr/share/texmf-dist/tex/generic/gettitlestring/gettitlestring.sty
Package: gettitlestring 2019/12/15 v1.6 Cleanup title references (HO)

(/usr/share/texmf-dist/tex/latex/kvoptions/kvoptions.sty
Package: kvoptions 2022-06-15 v3.15 Key value format for package options (HO)
))
\c@section@level=\count331
)
\@linkdim=\dimen198
\Hy@linkcounter=\count332
\Hy@pagecounter=\count333

(/usr/share/texmf-dist/tex/latex/hyperref/pd1enc.def
File: pd1enc.def 2024-01-20 v7.01h Hyperref: PDFDocEncoding definition (HO)
Now handling font encoding PD1 ...
... no UTF-8 mapping file for font encoding PD1
)
\Hy@SavedSpaceFactor=\count334

(/usr/share/texmf-dist/tex/latex/hyperref/puenc.def
File: puenc.def 2024-01-20 v7.01h Hyperref: PDF Unicode definition (HO)
Now handling font encoding PU ...
... no UTF-8 mapping file for font encoding PU
)
Package hyperref Info: Hyper figures OFF on input line 4179.
Package hyperref Info: Link nesting OFF on input line 4184.
Package hyperref Info: Hyper index ON on input line 4187.
Package hyperref Info: Plain pages OFF on input line 4194.
Package hyperref Info: Backreferencing ON on input line 4197.
Package hyperref Info: Implicit mode ON; LaTeX internals redefined.
Package hyperref Info: Bookmarks ON on input line 4446.

(/usr/share/texmf-dist/tex/latex/hyperref/backref.sty
Package: backref 2023-11-26 v1.44 Bibliographical back referencing

(/usr/share/texmf-dist/tex/latex/rerunfilecheck/rerunfilecheck.sty
Package: rerunfilecheck 2022-07-10 v1.10 Rerun checks for auxiliary files (HO)

(/usr/share/texmf-dist/tex/latex/base/atveryend-ltx.sty
Package: atveryend-ltx 2020/08/19 v1.0a Emulation of the original atveryend pac
kage
with kernel methods
)
(/usr/share/texmf-dist/tex/generic/uniquecounter/uniquecounter.sty
Package: uniquecounter 2019/12/15 v1.4 Provide unlimited unique counter (HO)

(/usr/share/texmf-dist/tex/generic/bigintcalc/bigintcalc.sty
Package: bigintcalc 2019/12/15 v1.5 Expandable calculations on big integers (HO
)
))
Package uniquecounter Info: New unique counter `rerunfilecheck' on input line 2
85.
))
\c@Hy@tempcnt=\count335

(/usr/share/texmf-dist/tex/latex/url/url.sty
\Urlmuskip=\muskip16
Package: url 2013/09/16  ver 3.4  Verb mode for urls, etc.
)
LaTeX Info: Redefining \url on input line 4784.
\XeTeXLinkMargin=\dimen199

(/usr/share/texmf-dist/tex/generic/bitset/bitset.sty
Package: bitset 2019/12/09 v1.3 Handle bit-vector datatype (HO)
)
\Fld@menulength=\count336
\Field@Width=\dimen256
\Fld@charsize=\dimen257
Package hyperref Info: Hyper figures OFF on input line 6063.
Package hyperref Info: Link nesting OFF on input line 6068.
Package hyperref Info: Hyper index ON on input line 6071.
Package hyperref Info: backreferencing ON on input line 6076.
Package hyperref Info: Link coloring OFF on input line 6083.
Package hyperref Info: Link coloring with OCG OFF on input line 6088.
Package hyperref Info: PDF/A mode OFF on input line 6093.

(/usr/share/texmf-dist/tex/latex/base/atbegshi-ltx.sty
Package: atbegshi-ltx 2021/01/10 v1.0c Emulation of the original atbegshi
package with kernel methods
)
\Hy@abspage=\count337
\c@Item=\count338
\c@Hfootnote=\count339
)
Package hyperref Info: Driver: hpdftex.

(/usr/share/texmf-dist/tex/latex/hyperref/hpdftex.def
File: hpdftex.def 2024-01-20 v7.01h Hyperref driver for pdfTeX
\Fld@listcount=\count340
\c@bookmark@seq@number=\count341
\Hy@SectionHShift=\skip128
)
Package hyperref Info: Option `colorlinks' set `true' on input line 161.
Package hyperref Info: Option `unicode' set `true' on input line 161.

(/usr/share/texmf-dist/tex/latex/caption/caption.sty
Package: caption 2023/08/05 v3.6o Customizing captions (AR)

(/usr/share/texmf-dist/tex/latex/caption/caption3.sty
Package: caption3 2023/07/31 v2.4d caption3 kernel (AR)
\caption@tempdima=\dimen258
\captionmargin=\dimen259
\caption@leftmargin=\dimen260
\caption@rightmargin=\dimen261
\caption@width=\dimen262
\caption@indent=\dimen263
\caption@parindent=\dimen264
\caption@hangindent=\dimen265
Package caption Info: Standard document class detected.
)
\c@caption@flags=\count342
\c@continuedfloat=\count343
Package caption Info: changepage package is loaded.
\caption@adjustwidth@hsize=\dimen266
\caption@adjustwidth@linewidth=\dimen267
Package caption Info: float package is loaded.
Package caption Info: hyperref package is loaded.
Package caption Info: longtable package is loaded.

(/usr/share/texmf-dist/tex/latex/caption/ltcaption.sty
Package: ltcaption 2021/01/08 v1.4c longtable captions (AR)
))
(/usr/share/texmf-dist/tex/latex/etoc/etoc.sty
Package: etoc 2023/10/29 v1.2d Completely customisable TOCs (JFB)
\Etoc@toctoks=\toks36
\c@etoc@tocid=\count344
\etoc@framed@titlebox=\box121
\etoc@framed@contentsbox=\box122
)
LaTeX Font Info:    Trying to load font information for T1+phv on input line 18
3.

(/usr/share/texmf-dist/tex/latex/psnfss/t1phv.fd
File: t1phv.fd 2020/03/25 scalable font definitions for T1/phv.
)
LaTeX Font Info:    Font shape `T1/phv/m/n' will be
(Font)              scaled to size 8.99994pt on input line 183.

(/usr/share/texmf-dist/tex/latex/l3backend/l3backend-pdftex.def
File: l3backend-pdftex.def 2024-02-20 L3 backend support: PDF output (pdfTeX)
\l__color_backend_stack_int=\count345
\l__pdf_internal_box=\box123
) (./refman.aux)
\openout1 = `refman.aux'.

LaTeX Font Info:    Checking defaults for OML/cmm/m/it on input line 183.
LaTeX Font Info:    ... okay on input line 183.
LaTeX Font Info:    Checking defaults for OMS/cmsy/m/n on input line 183.
LaTeX Font Info:    ... okay on input line 183.
LaTeX Font Info:    Checking defaults for OT1/cmr/m/n on input line 183.
LaTeX Font Info:    ... okay on input line 183.
LaTeX Font Info:    Checking defaults for T1/cmr/m/n on input line 183.
LaTeX Font Info:    ... okay on input line 183.
LaTeX Font Info:    Checking defaults for TS1/cmr/m/n on input line 183.
LaTeX Font Info:    ... okay on input line 183.
LaTeX Font Info:    Checking defaults for OMX/cmex/m/n on input line 183.
LaTeX Font Info:    ... okay on input line 183.
LaTeX Font Info:    Checking defaults for U/cmr/m/n on input line 183.
LaTeX Font Info:    ... okay on input line 183.
LaTeX Font Info:    Checking defaults for PD1/pdf/m/n on input line 183.
LaTeX Font Info:    ... okay on input line 183.
LaTeX Font Info:    Checking defaults for PU/pdf/m/n on input line 183.
LaTeX Font Info:    ... okay on input line 183.
(/usr/share/texmf-dist/tex/context/base/mkii/supp-pdf.mkii
[Loading MPS to PDF converter (version 2006.09.02).]
\scratchcounter=\count346
\scratchdimen=\dimen268
\scratchbox=\box124
\nofMPsegments=\count347
\nofMParguments=\count348
\everyMPshowfont=\toks37
\MPscratchCnt=\count349
\MPscratchDim=\dimen269
\MPnumerator=\count350
\makeMPintoPDFobject=\count351
\everyMPtoPDFconversion=\toks38
) (/usr/share/texmf-dist/tex/latex/epstopdf-pkg/epstopdf-base.sty
Package: epstopdf-base 2020-01-24 v2.11 Base part for package epstopdf
Package epstopdf-base Info: Redefining graphics rule for `.eps' on input line 4
85.

(/usr/share/texmf-dist/tex/latex/latexconfig/epstopdf-sys.cfg
File: epstopdf-sys.cfg 2010/07/13 v1.3 Configuration of (r)epstopdf for TeX Liv
e
))
*geometry* driver: auto-detecting
*geometry* detected driver: pdftex
*geometry* verbose mode - [ preamble ] result:
* driver: pdftex
* paper: a4paper
* layout: <same size as paper>
* layoutoffset:(h,v)=(0.0pt,0.0pt)
* modes: twoside 
* h-part:(L,W,R)=(71.13188pt, 455.24411pt, 71.13188pt)
* v-part:(T,H,B)=(71.13188pt, 702.78308pt, 71.13188pt)
* \paperwidth=597.50787pt
* \paperheight=845.04684pt
* \textwidth=455.24411pt
* \textheight=702.78308pt
* \oddsidemargin=-1.1381pt
* \evensidemargin=-1.1381pt
* \topmargin=-31.2056pt
* \headheight=12.0pt
* \headsep=18.06749pt
* \topskip=10.0pt
* \footskip=25.29494pt
* \marginparwidth=125.0pt
* \marginparsep=7.0pt
* \columnsep=10.0pt
* \skip\footins=9.0pt plus 4.0pt minus 2.0pt
* \hoffset=0.0pt
* \voffset=0.0pt
* \mag=1000
* \@twocolumnfalse
* \@twosidetrue
* \@mparswitchtrue
* \@reversemarginfalse
* (1in=72.27pt=25.4mm, 1cm=28.453pt)

Package backref Info: ** backref set up for natbib ** on input line 183.
Package hyperref Info: Link coloring ON on input line 183.
(./refman.out) (./refman.out)
\@outlinefile=\write5
\openout5 = `refman.out'.

Package caption Info: Begin \AtBeginDocument code.
Package caption Info: End \AtBeginDocument code.
\Etoc@tf=\read4
Package hyperref Info: Option `pageanchor' set `false' on input line 191.
Package hyperref Info: Option `bookmarksnumbered' set `true' on input line 191.

Package hyperref Info: Option `unicode' set `true' on input line 191.
LaTeX Font Info:    Font shape `T1/phv/m/n' will be
(Font)              scaled to size 12.9599pt on input line 196.
LaTeX Font Info:    Font shape `T1/phv/m/n' will be
(Font)              scaled to size 10.79993pt on input line 197.
LaTeX Font Info:    Font shape `T1/phv/m/n' will be
(Font)              scaled to size 6.29996pt on input line 197.
LaTeX Font Info:    Trying to load font information for U+msa on input line 197
.
 (/usr/share/texmf-dist/tex/latex/amsfonts/umsa.fd
File: umsa.fd 2013/01/14 v3.01 AMS symbols A
)
LaTeX Font Info:    Trying to load font information for U+msb on input line 197
.
 (/usr/share/texmf-dist/tex/latex/amsfonts/umsb.fd
File: umsb.fd 2013/01/14 v3.01 AMS symbols B
)
LaTeX Font Info:    Trying to load font information for U+wasy on input line 19
7.

(/usr/share/texmf-dist/tex/latex/wasysym/uwasy.fd
File: uwasy.fd 2020/01/19 v2.4 Wasy-2 symbol font definitions
) [1


{/var/lib/texmf/fonts/map/pdftex/updmap/pdftex.map}{/usr/share/texmf-dist/fonts
/enc/dvips/base/8r.enc}]
[2

]
\tf@toc=\write6
\openout6 = `refman.toc'.

LaTeX Font Info:    Font shape `T1/phv/b/n' will be
(Font)              scaled to size 8.99994pt on input line 205.
LaTeX Font Info:    Font shape `T1/phv/m/n' will be
(Font)              scaled to size 7.19995pt on input line 205.
LaTeX Font Info:    Trying to load font information for T1+pcr on input line 20
5.
 (/usr/share/texmf-dist/tex/latex/psnfss/t1pcr.fd
File: t1pcr.fd 2001/06/04 font definitions for T1/pcr.
)
LaTeX Font Info:    Font shape `T1/phv/b/n' will be
(Font)              scaled to size 6.29996pt on input line 205.
 [1] [2] [3] [4] [5]
[6

]
Package hyperref Info: Option `pageanchor' set `true' on input line 208.

Chapter 1.
LaTeX Font Info:    Font shape `T1/phv/m/n' will be
(Font)              scaled to size 18.66588pt on input line 210.
LaTeX Font Info:    Font shape `T1/phv/b/n' will be
(Font)              scaled to size 18.66588pt on input line 210.
LaTeX Font Info:    Font shape `T1/phv/b/n' will be
(Font)              scaled to size 22.39185pt on input line 210.
(./hierarchy.tex
LaTeX Font Info:    Font shape `T1/phv/b/n' will be
(Font)              scaled to size 12.9599pt on input line 1.
) [1

] [2

]
Chapter 2.
(./annotated.tex) [3] [4

]
Chapter 3.
(./files.tex) [5] [6

]
Chapter 4.
(./classAllomas.tex <./classAllomas__coll__graph.pdf>
<classAllomas__coll__graph.pdf, id=972, 163.61125pt x 164.615pt>
File: classAllomas__coll__graph.pdf Graphic file (type pdf)
<use classAllomas__coll__graph.pdf>
Package pdftex.def Info: classAllomas__coll__graph.pdf  used on input line 13.
(pdftex.def)             Requested size: 163.0pt x 163.99919pt.
LaTeX Font Info:    Trying to load font information for TS1+phv on input line 1
9.

(/usr/share/texmf-dist/tex/latex/psnfss/ts1phv.fd
File: ts1phv.fd 2020/03/25 scalable font definitions for TS1/phv.
)
LaTeX Font Info:    Font shape `TS1/phv/m/n' will be
(Font)              scaled to size 8.99994pt on input line 19.
LaTeX Font Info:    Font shape `T1/phv/m/n' will be
(Font)              scaled to size 8.09995pt on input line 20.
LaTeX Font Info:    Font shape `T1/phv/m/it' in size <9> not available
(Font)              Font shape `T1/phv/m/sl' tried instead on input line 20.
LaTeX Font Info:    Font shape `T1/phv/m/sl' will be
(Font)              scaled to size 8.09995pt on input line 20.
LaTeX Font Info:    Font shape `T1/phv/b/n' will be
(Font)              scaled to size 10.79993pt on input line 32.
LaTeX Font Info:    Font shape `T1/phv/b/n' will be
(Font)              scaled to size 7.19995pt on input line 43.
LaTeX Font Info:    Font shape `T1/pcr/m/it' in size <8> not available
(Font)              Font shape `T1/pcr/m/sl' tried instead on input line 44.
 [7] <./classAllomas_af91616c06d12102a9b7a50de9d43f127_icgraph.pdf>
<classAllomas_af91616c06d12102a9b7a50de9d43f127_icgraph.pdf, id=1014, 308.15125
pt x 101.37875pt>
File: classAllomas_af91616c06d12102a9b7a50de9d43f127_icgraph.pdf Graphic file (
type pdf)
<use classAllomas_af91616c06d12102a9b7a50de9d43f127_icgraph.pdf>
Package pdftex.def Info: classAllomas_af91616c06d12102a9b7a50de9d43f127_icgraph
.pdf  used on input line 102.
(pdftex.def)             Requested size: 307.0pt x 101.00723pt.
) (./classDiak.tex [8] <./classDiak__inherit__graph.pdf>
<classDiak__inherit__graph.pdf, id=1039, 152.57pt x 333.245pt>
File: classDiak__inherit__graph.pdf Graphic file (type pdf)
<use classDiak__inherit__graph.pdf>
Package pdftex.def Info: classDiak__inherit__graph.pdf  used on input line 13.
(pdftex.def)             Requested size: 152.0pt x 332.01361pt.
 <./classDiak__coll__graph.pdf>
<classDiak__coll__graph.pdf, id=1054, 152.57pt x 333.245pt>
File: classDiak__coll__graph.pdf Graphic file (type pdf)
<use classDiak__coll__graph.pdf>
Package pdftex.def Info: classDiak__coll__graph.pdf  used on input line 22.
(pdftex.def)             Requested size: 152.0pt x 332.01361pt.
 [9] [10] <./classDiak_aea9491caa6d858f98227a5a7e3494192_icgraph.pdf>
<classDiak_aea9491caa6d858f98227a5a7e3494192_icgraph.pdf, id=1120, 491.8375pt x
 101.37875pt>
File: classDiak_aea9491caa6d858f98227a5a7e3494192_icgraph.pdf Graphic file (typ
e pdf)
<use classDiak_aea9491caa6d858f98227a5a7e3494192_icgraph.pdf>
Package pdftex.def Info: classDiak_aea9491caa6d858f98227a5a7e3494192_icgraph.pd
f  used on input line 109.
(pdftex.def)             Requested size: 350.0pt x 72.14493pt.
 <./classDiak_a7121a13da47dce7a773809a385aefa27_cgraph.pdf>
<classDiak_a7121a13da47dce7a773809a385aefa27_cgraph.pdf, id=1134, 522.95375pt x
 178.6675pt>
File: classDiak_a7121a13da47dce7a773809a385aefa27_cgraph.pdf Graphic file (type
 pdf)
<use classDiak_a7121a13da47dce7a773809a385aefa27_cgraph.pdf>
Package pdftex.def Info: classDiak_a7121a13da47dce7a773809a385aefa27_cgraph.pdf
  used on input line 140.
(pdftex.def)             Requested size: 350.0pt x 119.57846pt.
 [11] <./classDiak_a7121a13da47dce7a773809a385aefa27_icgraph.pdf>
<classDiak_a7121a13da47dce7a773809a385aefa27_icgraph.pdf, id=1161, 368.37625pt 
x 101.37875pt>
File: classDiak_a7121a13da47dce7a773809a385aefa27_icgraph.pdf Graphic file (typ
e pdf)
<use classDiak_a7121a13da47dce7a773809a385aefa27_icgraph.pdf>
Package pdftex.def Info: classDiak_a7121a13da47dce7a773809a385aefa27_icgraph.pd
f  used on input line 147.
(pdftex.def)             Requested size: 350.0pt x 96.32008pt.
) (./classIdo.tex <./classIdo__coll__graph.pdf>
<classIdo__coll__graph.pdf, id=1172, 144.54pt x 196.735pt>
File: classIdo__coll__graph.pdf Graphic file (type pdf)
<use classIdo__coll__graph.pdf>
Package pdftex.def Info: classIdo__coll__graph.pdf  used on input line 13.
(pdftex.def)             Requested size: 144.0pt x 196.01102pt.
 [12] [13] <./classIdo_af8343a13fda687245c926f1843a316d0_icgraph.pdf>
<classIdo_af8343a13fda687245c926f1843a316d0_icgraph.pdf, id=1230, 710.655pt x 2
18.8175pt>
File: classIdo_af8343a13fda687245c926f1843a316d0_icgraph.pdf Graphic file (type
 pdf)
<use classIdo_af8343a13fda687245c926f1843a316d0_icgraph.pdf>
Package pdftex.def Info: classIdo_af8343a13fda687245c926f1843a316d0_icgraph.pdf
  used on input line 105.
(pdftex.def)             Requested size: 350.0pt x 107.77242pt.
 <./classIdo_a3cada14b52b883bca244c40fa477ba15_icgraph.pdf>
<classIdo_a3cada14b52b883bca244c40fa477ba15_icgraph.pdf, id=1241, 714.67pt x 21
8.8175pt>
File: classIdo_a3cada14b52b883bca244c40fa477ba15_icgraph.pdf Graphic file (type
 pdf)
<use classIdo_a3cada14b52b883bca244c40fa477ba15_icgraph.pdf>
Package pdftex.def Info: classIdo_a3cada14b52b883bca244c40fa477ba15_icgraph.pdf
  used on input line 128.
(pdftex.def)             Requested size: 350.0pt x 107.1614pt.
 [14]) (./classJegy.tex <./classJegy__inherit__graph.pdf>
<classJegy__inherit__graph.pdf, id=1267, 324.21124pt x 365.365pt>
File: classJegy__inherit__graph.pdf Graphic file (type pdf)
<use classJegy__inherit__graph.pdf>
Package pdftex.def Info: classJegy__inherit__graph.pdf  used on input line 13.
(pdftex.def)             Requested size: 323.0pt x 364.02052pt.
 <./classJegy__coll__graph.pdf>
<classJegy__coll__graph.pdf, id=1282, 152.57pt x 212.795pt>
File: classJegy__coll__graph.pdf Graphic file (type pdf)
<use classJegy__coll__graph.pdf>
Package pdftex.def Info: classJegy__coll__graph.pdf  used on input line 22.
(pdftex.def)             Requested size: 152.0pt x 212.00868pt.
 [15] [16] <./classJegy_ab4e5659753f5f143d279e79bd8863833_icgraph.pdf>
<classJegy_ab4e5659753f5f143d279e79bd8863833_icgraph.pdf, id=1336, 617.30624pt 
x 179.67125pt>
File: classJegy_ab4e5659753f5f143d279e79bd8863833_icgraph.pdf Graphic file (typ
e pdf)
<use classJegy_ab4e5659753f5f143d279e79bd8863833_icgraph.pdf>
Package pdftex.def Info: classJegy_ab4e5659753f5f143d279e79bd8863833_icgraph.pd
f  used on input line 108.
(pdftex.def)             Requested size: 350.0pt x 101.87357pt.
 [17] <./classJegy_aa9e954a340eff827792a81cdccdb7426_cgraph.pdf>
<classJegy_aa9e954a340eff827792a81cdccdb7426_cgraph.pdf, id=1378, 398.48875pt x
 159.59625pt>
File: classJegy_aa9e954a340eff827792a81cdccdb7426_cgraph.pdf Graphic file (type
 pdf)
<use classJegy_aa9e954a340eff827792a81cdccdb7426_cgraph.pdf>
Package pdftex.def Info: classJegy_aa9e954a340eff827792a81cdccdb7426_cgraph.pdf
  used on input line 179.
(pdftex.def)             Requested size: 350.0pt x 140.1821pt.
 <./classJegy_aa9e954a340eff827792a81cdccdb7426_icgraph.pdf>
<classJegy_aa9e954a340eff827792a81cdccdb7426_icgraph.pdf, id=1393, 493.845pt x 
179.67125pt>
File: classJegy_aa9e954a340eff827792a81cdccdb7426_icgraph.pdf Graphic file (typ
e pdf)
<use classJegy_aa9e954a340eff827792a81cdccdb7426_icgraph.pdf>
Package pdftex.def Info: classJegy_aa9e954a340eff827792a81cdccdb7426_icgraph.pd
f  used on input line 186.
(pdftex.def)             Requested size: 350.0pt x 127.33717pt.
 [18])
(./classKiosk.tex <./classKiosk__coll__graph.pdf>
<classKiosk__coll__graph.pdf, id=1419, 165.61874pt x 196.735pt>
File: classKiosk__coll__graph.pdf Graphic file (type pdf)
<use classKiosk__coll__graph.pdf>
Package pdftex.def Info: classKiosk__coll__graph.pdf  used on input line 13.
(pdftex.def)             Requested size: 165.0pt x 196.00803pt.
 [19] <./classKiosk_a0720b9a024917b95f7ca167bdf19527d_icgraph.pdf>
<classKiosk_a0720b9a024917b95f7ca167bdf19527d_icgraph.pdf, id=1456, 222.8325pt 
x 101.37875pt>
File: classKiosk_a0720b9a024917b95f7ca167bdf19527d_icgraph.pdf Graphic file (ty
pe pdf)
<use classKiosk_a0720b9a024917b95f7ca167bdf19527d_icgraph.pdf>
Package pdftex.def Info: classKiosk_a0720b9a024917b95f7ca167bdf19527d_icgraph.p
df  used on input line 68.
(pdftex.def)             Requested size: 222.0pt x 101.00104pt.
 <./classKiosk_af4fe3883e13b6e3658ac7b1001532fb4_cgraph.pdf>
<classKiosk_af4fe3883e13b6e3658ac7b1001532fb4_cgraph.pdf, id=1479, 664.4825pt x
 355.3275pt>
File: classKiosk_af4fe3883e13b6e3658ac7b1001532fb4_cgraph.pdf Graphic file (typ
e pdf)
<use classKiosk_af4fe3883e13b6e3658ac7b1001532fb4_cgraph.pdf>
Package pdftex.def Info: classKiosk_af4fe3883e13b6e3658ac7b1001532fb4_cgraph.pd
f  used on input line 131.
(pdftex.def)             Requested size: 350.0pt x 187.16238pt.
 [20] <./classKiosk_af4fe3883e13b6e3658ac7b1001532fb4_icgraph.pdf>
<classKiosk_af4fe3883e13b6e3658ac7b1001532fb4_icgraph.pdf, id=1505, 246.9225pt 
x 101.37875pt>
File: classKiosk_af4fe3883e13b6e3658ac7b1001532fb4_icgraph.pdf Graphic file (ty
pe pdf)
<use classKiosk_af4fe3883e13b6e3658ac7b1001532fb4_icgraph.pdf>
Package pdftex.def Info: classKiosk_af4fe3883e13b6e3658ac7b1001532fb4_icgraph.p
df  used on input line 138.
(pdftex.def)             Requested size: 246.0pt x 100.9995pt.
 <./classKiosk_a196ec12845a5f5384f9145a3fbe086d1_cgraph.pdf>
<classKiosk_a196ec12845a5f5384f9145a3fbe086d1_cgraph.pdf, id=1517, 462.72874pt 
x 140.525pt>
File: classKiosk_a196ec12845a5f5384f9145a3fbe086d1_cgraph.pdf Graphic file (typ
e pdf)
<use classKiosk_a196ec12845a5f5384f9145a3fbe086d1_cgraph.pdf>
Package pdftex.def Info: classKiosk_a196ec12845a5f5384f9145a3fbe086d1_cgraph.pd
f  used on input line 166.
(pdftex.def)             Requested size: 350.0pt x 106.29192pt.
 [21] <./classKiosk_a196ec12845a5f5384f9145a3fbe086d1_icgraph.pdf>
<classKiosk_a196ec12845a5f5384f9145a3fbe086d1_icgraph.pdf, id=1534, 358.33875pt
 x 120.45pt>
File: classKiosk_a196ec12845a5f5384f9145a3fbe086d1_icgraph.pdf Graphic file (ty
pe pdf)
<use classKiosk_a196ec12845a5f5384f9145a3fbe086d1_icgraph.pdf>
Package pdftex.def Info: classKiosk_a196ec12845a5f5384f9145a3fbe086d1_icgraph.p
df  used on input line 173.
(pdftex.def)             Requested size: 350.0pt x 117.65422pt.

Underfull \hbox (badness 10000) detected at line 182
[][][]
 []

 <./classKiosk_a9aa9dc56bb99ac2079705525e26813bc_icgraph.pdf>
<classKiosk_a9aa9dc56bb99ac2079705525e26813bc_icgraph.pdf, id=1546, 252.945pt x
 101.37875pt>
File: classKiosk_a9aa9dc56bb99ac2079705525e26813bc_icgraph.pdf Graphic file (ty
pe pdf)
<use classKiosk_a9aa9dc56bb99ac2079705525e26813bc_icgraph.pdf>
Package pdftex.def Info: classKiosk_a9aa9dc56bb99ac2079705525e26813bc_icgraph.p
df  used on input line 203.
(pdftex.def)             Requested size: 252.0pt x 101.0026pt.
LaTeX Font Info:    Font shape `T1/pcr/m/it' in size <7> not available
(Font)              Font shape `T1/pcr/m/sl' tried instead on input line 210.
 [22] <./classKiosk_a86af671752c83d3624ab7aeb3652f290_cgraph.pdf>
<classKiosk_a86af671752c83d3624ab7aeb3652f290_cgraph.pdf, id=1584, 307.1475pt x
 101.37875pt>
File: classKiosk_a86af671752c83d3624ab7aeb3652f290_cgraph.pdf Graphic file (typ
e pdf)
<use classKiosk_a86af671752c83d3624ab7aeb3652f290_cgraph.pdf>
Package pdftex.def Info: classKiosk_a86af671752c83d3624ab7aeb3652f290_cgraph.pd
f  used on input line 242.
(pdftex.def)             Requested size: 306.0pt x 101.00568pt.
 <./classKiosk_a86af671752c83d3624ab7aeb3652f290_icgraph.pdf>
<classKiosk_a86af671752c83d3624ab7aeb3652f290_icgraph.pdf, id=1592, 264.99pt x 
101.37875pt>
File: classKiosk_a86af671752c83d3624ab7aeb3652f290_icgraph.pdf Graphic file (ty
pe pdf)
<use classKiosk_a86af671752c83d3624ab7aeb3652f290_icgraph.pdf>
Package pdftex.def Info: classKiosk_a86af671752c83d3624ab7aeb3652f290_icgraph.p
df  used on input line 249.
(pdftex.def)             Requested size: 264.0pt x 101.00723pt.
) (./classKutya.tex <./classKutya__inherit__graph.pdf>
<classKutya__inherit__graph.pdf, id=1602, 152.57pt x 365.365pt>
File: classKutya__inherit__graph.pdf Graphic file (type pdf)
<use classKutya__inherit__graph.pdf>
Package pdftex.def Info: classKutya__inherit__graph.pdf  used on input line 13.

(pdftex.def)             Requested size: 152.0pt x 364.01494pt.
 [23] <./classKutya__coll__graph.pdf>
<classKutya__coll__graph.pdf, id=1634, 152.57pt x 365.365pt>
File: classKutya__coll__graph.pdf Graphic file (type pdf)
<use classKutya__coll__graph.pdf>
Package pdftex.def Info: classKutya__coll__graph.pdf  used on input line 22.
(pdftex.def)             Requested size: 152.0pt x 364.01494pt.
 [24] [25] <./classKutya_a045312268761ed842a69860fefd28adb_icgraph.pdf>
<classKutya_a045312268761ed842a69860fefd28adb_icgraph.pdf, id=1695, 493.845pt x
 101.37875pt>
File: classKutya_a045312268761ed842a69860fefd28adb_icgraph.pdf Graphic file (ty
pe pdf)
<use classKutya_a045312268761ed842a69860fefd28adb_icgraph.pdf>
Package pdftex.def Info: classKutya_a045312268761ed842a69860fefd28adb_icgraph.p
df  used on input line 108.
(pdftex.def)             Requested size: 350.0pt x 71.84946pt.
 <./classKutya_a7c027b5bb3b6eb1f9c528c0475e3d74a_icgraph.pdf>
<classKutya_a7c027b5bb3b6eb1f9c528c0475e3d74a_icgraph.pdf, id=1706, 501.875pt x
 101.37875pt>
File: classKutya_a7c027b5bb3b6eb1f9c528c0475e3d74a_icgraph.pdf Graphic file (ty
pe pdf)
<use classKutya_a7c027b5bb3b6eb1f9c528c0475e3d74a_icgraph.pdf>
Package pdftex.def Info: classKutya_a7c027b5bb3b6eb1f9c528c0475e3d74a_icgraph.p
df  used on input line 130.
(pdftex.def)             Requested size: 350.0pt x 70.7032pt.
 [26] <./classKutya_a0bed6bf95538dcad16d1c8dfd53bb65d_cgraph.pdf>
<classKutya_a0bed6bf95538dcad16d1c8dfd53bb65d_cgraph.pdf, id=1733, 533.995pt x 
217.81375pt>
File: classKutya_a0bed6bf95538dcad16d1c8dfd53bb65d_cgraph.pdf Graphic file (typ
e pdf)
<use classKutya_a0bed6bf95538dcad16d1c8dfd53bb65d_cgraph.pdf>
Package pdftex.def Info: classKutya_a0bed6bf95538dcad16d1c8dfd53bb65d_cgraph.pd
f  used on input line 162.
(pdftex.def)             Requested size: 350.0pt x 142.76707pt.
 <./classKutya_a0bed6bf95538dcad16d1c8dfd53bb65d_icgraph.pdf>
<classKutya_a0bed6bf95538dcad16d1c8dfd53bb65d_icgraph.pdf, id=1748, 374.39874pt
 x 101.37875pt>
File: classKutya_a0bed6bf95538dcad16d1c8dfd53bb65d_icgraph.pdf Graphic file (ty
pe pdf)
<use classKutya_a0bed6bf95538dcad16d1c8dfd53bb65d_icgraph.pdf>
Package pdftex.def Info: classKutya_a0bed6bf95538dcad16d1c8dfd53bb65d_icgraph.p
df  used on input line 169.
(pdftex.def)             Requested size: 350.0pt x 94.7778pt.
 [27])
(./classMav.tex <./classMav__coll__graph.pdf>
<classMav__coll__graph.pdf, id=1770, 246.9225pt x 796.9775pt>
File: classMav__coll__graph.pdf Graphic file (type pdf)
<use classMav__coll__graph.pdf>
Package pdftex.def Info: classMav__coll__graph.pdf  used on input line 13.
(pdftex.def)             Requested size: 170.4106pt x 550.0pt.
 [28] [29] [30] <./classMav_a9838399fd397670c9d4e9f2d279c1a73_icgraph.pdf>
<classMav_a9838399fd397670c9d4e9f2d279c1a73_icgraph.pdf, id=1862, 384.43625pt x
 101.37875pt>
File: classMav_a9838399fd397670c9d4e9f2d279c1a73_icgraph.pdf Graphic file (type
 pdf)
<use classMav_a9838399fd397670c9d4e9f2d279c1a73_icgraph.pdf>
Package pdftex.def Info: classMav_a9838399fd397670c9d4e9f2d279c1a73_icgraph.pdf
  used on input line 158.
(pdftex.def)             Requested size: 350.0pt x 92.30429pt.
 [31] <./classMav_a15899cdec1c1fe36a8460d956dad3104_cgraph.pdf>
<classMav_a15899cdec1c1fe36a8460d956dad3104_cgraph.pdf, id=1906, 300.12125pt x 
297.11pt>
File: classMav_a15899cdec1c1fe36a8460d956dad3104_cgraph.pdf Graphic file (type 
pdf)
<use classMav_a15899cdec1c1fe36a8460d956dad3104_cgraph.pdf>
Package pdftex.def Info: classMav_a15899cdec1c1fe36a8460d956dad3104_cgraph.pdf 
 used on input line 214.
(pdftex.def)             Requested size: 299.0pt x 296.02574pt.
 <./classMav_a15899cdec1c1fe36a8460d956dad3104_icgraph.pdf>
<classMav_a15899cdec1c1fe36a8460d956dad3104_icgraph.pdf, id=1914, 237.88875pt x
 101.37875pt>
File: classMav_a15899cdec1c1fe36a8460d956dad3104_icgraph.pdf Graphic file (type
 pdf)
<use classMav_a15899cdec1c1fe36a8460d956dad3104_icgraph.pdf>
Package pdftex.def Info: classMav_a15899cdec1c1fe36a8460d956dad3104_icgraph.pdf
  used on input line 221.
(pdftex.def)             Requested size: 237.0pt x 101.00414pt.
 [32] <./classMav_a4b70915946e42d3b77413f7506655a75_icgraph.pdf>
<classMav_a4b70915946e42d3b77413f7506655a75_icgraph.pdf, id=1940, 361.35pt x 10
1.37875pt>
File: classMav_a4b70915946e42d3b77413f7506655a75_icgraph.pdf Graphic file (type
 pdf)
<use classMav_a4b70915946e42d3b77413f7506655a75_icgraph.pdf>
Package pdftex.def Info: classMav_a4b70915946e42d3b77413f7506655a75_icgraph.pdf
  used on input line 243.
(pdftex.def)             Requested size: 350.0pt x 98.19495pt.
 <./classMav_a646a7d0ff13f1c6b35a7d22f890a4927_icgraph.pdf>
<classMav_a646a7d0ff13f1c6b35a7d22f890a4927_icgraph.pdf, id=1952, 379.4175pt x 
101.37875pt>
File: classMav_a646a7d0ff13f1c6b35a7d22f890a4927_icgraph.pdf Graphic file (type
 pdf)
<use classMav_a646a7d0ff13f1c6b35a7d22f890a4927_icgraph.pdf>
Package pdftex.def Info: classMav_a646a7d0ff13f1c6b35a7d22f890a4927_icgraph.pdf
  used on input line 265.
(pdftex.def)             Requested size: 350.0pt x 93.52017pt.
 [33] <./classMav_aa9729202f8dac420111d5266bfa6c9e8_cgraph.pdf>
<classMav_aa9729202f8dac420111d5266bfa6c9e8_cgraph.pdf, id=1976, 350.30875pt x 
140.525pt>
File: classMav_aa9729202f8dac420111d5266bfa6c9e8_cgraph.pdf Graphic file (type 
pdf)
<use classMav_aa9729202f8dac420111d5266bfa6c9e8_cgraph.pdf>
Package pdftex.def Info: classMav_aa9729202f8dac420111d5266bfa6c9e8_cgraph.pdf 
 used on input line 293.
(pdftex.def)             Requested size: 349.0pt x 140.01003pt.
 <./classMav_aa9729202f8dac420111d5266bfa6c9e8_icgraph.pdf>
<classMav_aa9729202f8dac420111d5266bfa6c9e8_icgraph.pdf, id=1984, 452.69125pt x
 120.45pt>
File: classMav_aa9729202f8dac420111d5266bfa6c9e8_icgraph.pdf Graphic file (type
 pdf)
<use classMav_aa9729202f8dac420111d5266bfa6c9e8_icgraph.pdf>
Package pdftex.def Info: classMav_aa9729202f8dac420111d5266bfa6c9e8_icgraph.pdf
  used on input line 300.
(pdftex.def)             Requested size: 350.0pt x 93.12538pt.
 <./classMav_a77998398e7e7a0deedb86879012b098a_cgraph.pdf>
<classMav_a77998398e7e7a0deedb86879012b098a_cgraph.pdf, id=1996, 361.35pt x 140
.525pt>
File: classMav_a77998398e7e7a0deedb86879012b098a_cgraph.pdf Graphic file (type 
pdf)
<use classMav_a77998398e7e7a0deedb86879012b098a_cgraph.pdf>
Package pdftex.def Info: classMav_a77998398e7e7a0deedb86879012b098a_cgraph.pdf 
 used on input line 326.
(pdftex.def)             Requested size: 350.0pt x 136.1118pt.
 [34])
(./structSeged.tex <./structSeged__coll__graph.pdf>
<structSeged__coll__graph.pdf, id=2024, 139.52126pt x 228.855pt>
File: structSeged__coll__graph.pdf Graphic file (type pdf)
<use structSeged__coll__graph.pdf>
Package pdftex.def Info: structSeged__coll__graph.pdf  used on input line 13.
(pdftex.def)             Requested size: 139.0pt x 228.00586pt.
 [35] [36])
(./classTeljes.tex <./classTeljes__inherit__graph.pdf>
<classTeljes__inherit__graph.pdf, id=2098, 152.57pt x 333.245pt>
File: classTeljes__inherit__graph.pdf Graphic file (type pdf)
<use classTeljes__inherit__graph.pdf>
Package pdftex.def Info: classTeljes__inherit__graph.pdf  used on input line 13
.
(pdftex.def)             Requested size: 152.0pt x 332.01361pt.
 [37] <./classTeljes__coll__graph.pdf>
<classTeljes__coll__graph.pdf, id=2123, 152.57pt x 333.245pt>
File: classTeljes__coll__graph.pdf Graphic file (type pdf)
<use classTeljes__coll__graph.pdf>
Package pdftex.def Info: classTeljes__coll__graph.pdf  used on input line 22.
(pdftex.def)             Requested size: 152.0pt x 332.01361pt.
 [38] [39] <./classTeljes_a2671e9f5af20412624362542e7c5b6fb_icgraph.pdf>
<classTeljes_a2671e9f5af20412624362542e7c5b6fb_icgraph.pdf, id=2180, 501.875pt 
x 101.37875pt>
File: classTeljes_a2671e9f5af20412624362542e7c5b6fb_icgraph.pdf Graphic file (t
ype pdf)
<use classTeljes_a2671e9f5af20412624362542e7c5b6fb_icgraph.pdf>
Package pdftex.def Info: classTeljes_a2671e9f5af20412624362542e7c5b6fb_icgraph.
pdf  used on input line 104.
(pdftex.def)             Requested size: 350.0pt x 70.7032pt.
 <./classTeljes_a6f147b902c77f74ba1542b4978ed99a4_cgraph.pdf>
<classTeljes_a6f147b902c77f74ba1542b4978ed99a4_cgraph.pdf, id=2195, 533.995pt x
 178.6675pt>
File: classTeljes_a6f147b902c77f74ba1542b4978ed99a4_cgraph.pdf Graphic file (ty
pe pdf)
<use classTeljes_a6f147b902c77f74ba1542b4978ed99a4_cgraph.pdf>
Package pdftex.def Info: classTeljes_a6f147b902c77f74ba1542b4978ed99a4_cgraph.p
df  used on input line 135.
(pdftex.def)             Requested size: 350.0pt x 117.10847pt.
 [40] <./classTeljes_a6f147b902c77f74ba1542b4978ed99a4_icgraph.pdf>
<classTeljes_a6f147b902c77f74ba1542b4978ed99a4_icgraph.pdf, id=2220, 374.39874p
t x 101.37875pt>
File: classTeljes_a6f147b902c77f74ba1542b4978ed99a4_icgraph.pdf Graphic file (t
ype pdf)
<use classTeljes_a6f147b902c77f74ba1542b4978ed99a4_icgraph.pdf>
Package pdftex.def Info: classTeljes_a6f147b902c77f74ba1542b4978ed99a4_icgraph.
pdf  used on input line 142.
(pdftex.def)             Requested size: 350.0pt x 94.7778pt.
) (./classVonat.tex <./classVonat__coll__graph.pdf>
<classVonat__coll__graph.pdf, id=2231, 246.9225pt x 552.0625pt>
File: classVonat__coll__graph.pdf Graphic file (type pdf)
<use classVonat__coll__graph.pdf>
Package pdftex.def Info: classVonat__coll__graph.pdf  used on input line 13.
(pdftex.def)             Requested size: 246.0pt x 549.99731pt.
 [41] [42] [43] [44] <./classVonat_accf19f7143540d637a8b2234a47efee6_cgraph.pdf
>
<classVonat_accf19f7143540d637a8b2234a47efee6_cgraph.pdf, id=2386, 255.95625pt 
x 140.525pt>
File: classVonat_accf19f7143540d637a8b2234a47efee6_cgraph.pdf Graphic file (typ
e pdf)
<use classVonat_accf19f7143540d637a8b2234a47efee6_cgraph.pdf>
Package pdftex.def Info: classVonat_accf19f7143540d637a8b2234a47efee6_cgraph.pd
f  used on input line 237.
(pdftex.def)             Requested size: 255.0pt x 139.9993pt.
 <./classVonat_accf19f7143540d637a8b2234a47efee6_icgraph.pdf>
<classVonat_accf19f7143540d637a8b2234a47efee6_icgraph.pdf, id=2394, 596.2275pt 
x 218.8175pt>
File: classVonat_accf19f7143540d637a8b2234a47efee6_icgraph.pdf Graphic file (ty
pe pdf)
<use classVonat_accf19f7143540d637a8b2234a47efee6_icgraph.pdf>
Package pdftex.def Info: classVonat_accf19f7143540d637a8b2234a47efee6_icgraph.p
df  used on input line 244.
(pdftex.def)             Requested size: 350.0pt x 128.45012pt.
 <./classVonat_a53b9de572bc678ec86a8916473067375_icgraph.pdf>
<classVonat_a53b9de572bc678ec86a8916473067375_icgraph.pdf, id=2406, 377.41pt x 
101.37875pt>
File: classVonat_a53b9de572bc678ec86a8916473067375_icgraph.pdf Graphic file (ty
pe pdf)
<use classVonat_a53b9de572bc678ec86a8916473067375_icgraph.pdf>
Package pdftex.def Info: classVonat_a53b9de572bc678ec86a8916473067375_icgraph.p
df  used on input line 266.
(pdftex.def)             Requested size: 350.0pt x 94.01518pt.

[45] <./classVonat_a6b31c3d13fe2bf39f70f4dac557d4b76_icgraph.pdf>
<classVonat_a6b31c3d13fe2bf39f70f4dac557d4b76_icgraph.pdf, id=2428, 374.39874pt
 x 101.37875pt>
File: classVonat_a6b31c3d13fe2bf39f70f4dac557d4b76_icgraph.pdf Graphic file (ty
pe pdf)
<use classVonat_a6b31c3d13fe2bf39f70f4dac557d4b76_icgraph.pdf>
Package pdftex.def Info: classVonat_a6b31c3d13fe2bf39f70f4dac557d4b76_icgraph.p
df  used on input line 288.
(pdftex.def)             Requested size: 350.0pt x 94.7778pt.
 <./classVonat_a27a2c9da752ab6cee10e8386c89e60a3_icgraph.pdf>
<classVonat_a27a2c9da752ab6cee10e8386c89e60a3_icgraph.pdf, id=2441, 369.38pt x 
101.37875pt>
File: classVonat_a27a2c9da752ab6cee10e8386c89e60a3_icgraph.pdf Graphic file (ty
pe pdf)
<use classVonat_a27a2c9da752ab6cee10e8386c89e60a3_icgraph.pdf>
Package pdftex.def Info: classVonat_a27a2c9da752ab6cee10e8386c89e60a3_icgraph.p
df  used on input line 310.
(pdftex.def)             Requested size: 350.0pt x 96.0602pt.
 [46] <./classVonat_a114542b472a68e864279f367f88dd95e_icgraph.pdf>
<classVonat_a114542b472a68e864279f367f88dd95e_icgraph.pdf, id=2464, 377.41pt x 
101.37875pt>
File: classVonat_a114542b472a68e864279f367f88dd95e_icgraph.pdf Graphic file (ty
pe pdf)
<use classVonat_a114542b472a68e864279f367f88dd95e_icgraph.pdf>
Package pdftex.def Info: classVonat_a114542b472a68e864279f367f88dd95e_icgraph.p
df  used on input line 332.
(pdftex.def)             Requested size: 350.0pt x 94.01518pt.
 <./classVonat_a191874e48371b4f07b8703cfd0c85934_icgraph.pdf>
<classVonat_a191874e48371b4f07b8703cfd0c85934_icgraph.pdf, id=2476, 366.36874pt
 x 101.37875pt>
File: classVonat_a191874e48371b4f07b8703cfd0c85934_icgraph.pdf Graphic file (ty
pe pdf)
<use classVonat_a191874e48371b4f07b8703cfd0c85934_icgraph.pdf>
Package pdftex.def Info: classVonat_a191874e48371b4f07b8703cfd0c85934_icgraph.p
df  used on input line 358.
(pdftex.def)             Requested size: 350.0pt x 96.85532pt.
 <./classVonat_acec88991afa8817d7bd6f58190693155_icgraph.pdf>
<classVonat_acec88991afa8817d7bd6f58190693155_icgraph.pdf, id=2489, 357.335pt x
 101.37875pt>
File: classVonat_acec88991afa8817d7bd6f58190693155_icgraph.pdf Graphic file (ty
pe pdf)
<use classVonat_acec88991afa8817d7bd6f58190693155_icgraph.pdf>
Package pdftex.def Info: classVonat_acec88991afa8817d7bd6f58190693155_icgraph.p
df  used on input line 380.
(pdftex.def)             Requested size: 350.0pt x 99.30254pt.

[47]) [48]
Chapter 5.
(./allomas_8cpp.tex <./allomas_8cpp__incl.pdf>
<allomas_8cpp__incl.pdf, id=2537, 214.8025pt x 272.01625pt>
File: allomas_8cpp__incl.pdf Graphic file (type pdf)
<use allomas_8cpp__incl.pdf>
Package pdftex.def Info: allomas_8cpp__incl.pdf  used on input line 8.
(pdftex.def)             Requested size: 214.0pt x 271.00282pt.
 [49

] <./allomas_8cpp_a666384f57ccfc1d506acb76eb933082c_cgraph.pdf>
<allomas_8cpp_a666384f57ccfc1d506acb76eb933082c_cgraph.pdf, id=2562, 308.15125p
t x 101.37875pt>
File: allomas_8cpp_a666384f57ccfc1d506acb76eb933082c_cgraph.pdf Graphic file (t
ype pdf)
<use allomas_8cpp_a666384f57ccfc1d506acb76eb933082c_cgraph.pdf>
Package pdftex.def Info: allomas_8cpp_a666384f57ccfc1d506acb76eb933082c_cgraph.
pdf  used on input line 43.
(pdftex.def)             Requested size: 307.0pt x 101.00723pt.
) (./allomas_8cpp_source.tex)
(./allomas_8h.tex <./allomas_8h__incl.pdf>
<allomas_8h__incl.pdf, id=2576, 214.8025pt x 214.8025pt>
File: allomas_8h__incl.pdf Graphic file (type pdf)
<use allomas_8h__incl.pdf>
Package pdftex.def Info: allomas_8h__incl.pdf  used on input line 9.
(pdftex.def)             Requested size: 214.0pt x 214.00223pt.
 <./allomas_8h__dep__incl.pdf>
<allomas_8h__dep__incl.pdf, id=2584, 712.6625pt x 442.65375pt>
File: allomas_8h__dep__incl.pdf Graphic file (type pdf)
<use allomas_8h__dep__incl.pdf>
Package pdftex.def Info: allomas_8h__dep__incl.pdf  used on input line 16.
(pdftex.def)             Requested size: 350.0pt x 217.3953pt.

[50] <./allomas_8h_a666384f57ccfc1d506acb76eb933082c_cgraph.pdf>
<allomas_8h_a666384f57ccfc1d506acb76eb933082c_cgraph.pdf, id=2614, 308.15125pt 
x 101.37875pt>
File: allomas_8h_a666384f57ccfc1d506acb76eb933082c_cgraph.pdf Graphic file (typ
e pdf)
<use allomas_8h_a666384f57ccfc1d506acb76eb933082c_cgraph.pdf>
Package pdftex.def Info: allomas_8h_a666384f57ccfc1d506acb76eb933082c_cgraph.pd
f  used on input line 56.
(pdftex.def)             Requested size: 307.0pt x 101.00723pt.
)
(./allomas_8h_source.tex [51]) (./ido_8cpp.tex <./ido_8cpp__incl.pdf>
<ido_8cpp__incl.pdf, id=2650, 214.8025pt x 214.8025pt>
File: ido_8cpp__incl.pdf Graphic file (type pdf)
<use ido_8cpp__incl.pdf>
Package pdftex.def Info: ido_8cpp__incl.pdf  used on input line 8.
(pdftex.def)             Requested size: 214.0pt x 214.00223pt.
LaTeX Font Info:    Font shape `T1/phv/m/it' in size <7> not available
(Font)              Font shape `T1/phv/m/sl' tried instead on input line 15.
LaTeX Font Info:    Font shape `T1/phv/m/sl' will be
(Font)              scaled to size 6.29996pt on input line 15.
 [52] <./ido_8cpp_ac433647af32d9e7ec41d73faa9b12477_cgraph.pdf>
<ido_8cpp_ac433647af32d9e7ec41d73faa9b12477_cgraph.pdf, id=2703, 264.99pt x 140
.525pt>
File: ido_8cpp_ac433647af32d9e7ec41d73faa9b12477_cgraph.pdf Graphic file (type 
pdf)
<use ido_8cpp_ac433647af32d9e7ec41d73faa9b12477_cgraph.pdf>
Package pdftex.def Info: ido_8cpp_ac433647af32d9e7ec41d73faa9b12477_cgraph.pdf 
 used on input line 47.
(pdftex.def)             Requested size: 264.0pt x 140.01003pt.
) (./ido_8cpp_source.tex)
(./ido_8h.tex <./ido_8h__incl.pdf>
<ido_8h__incl.pdf, id=2718, 214.8025pt x 158.5925pt>
File: ido_8h__incl.pdf Graphic file (type pdf)
<use ido_8h__incl.pdf>
Package pdftex.def Info: ido_8h__incl.pdf  used on input line 9.
(pdftex.def)             Requested size: 214.0pt x 158.00162pt.
 [53] <./ido_8h__dep__incl.pdf>
<ido_8h__dep__incl.pdf, id=2742, 746.79pt x 499.8675pt>
File: ido_8h__dep__incl.pdf Graphic file (type pdf)
<use ido_8h__dep__incl.pdf>
Package pdftex.def Info: ido_8h__dep__incl.pdf  used on input line 16.
(pdftex.def)             Requested size: 350.0pt x 234.27417pt.
 [54] <./ido_8h_ac433647af32d9e7ec41d73faa9b12477_cgraph.pdf>
<ido_8h_ac433647af32d9e7ec41d73faa9b12477_cgraph.pdf, id=2770, 264.99pt x 140.5
25pt>
File: ido_8h_ac433647af32d9e7ec41d73faa9b12477_cgraph.pdf Graphic file (type pd
f)
<use ido_8h_ac433647af32d9e7ec41d73faa9b12477_cgraph.pdf>
Package pdftex.def Info: ido_8h_ac433647af32d9e7ec41d73faa9b12477_cgraph.pdf  u
sed on input line 60.
(pdftex.def)             Requested size: 264.0pt x 140.01003pt.
) (./ido_8h_source.tex [55])
(./jegy_8h.tex <./jegy_8h__incl.pdf>
<jegy_8h__incl.pdf, id=2838, 353.32pt x 386.44376pt>
File: jegy_8h__incl.pdf Graphic file (type pdf)
<use jegy_8h__incl.pdf>
Package pdftex.def Info: jegy_8h__incl.pdf  used on input line 9.
(pdftex.def)             Requested size: 350.0pt x 382.81636pt.
 <./jegy_8h__dep__incl.pdf>
<jegy_8h__dep__incl.pdf, id=2846, 287.0725pt x 272.01625pt>
File: jegy_8h__dep__incl.pdf Graphic file (type pdf)
<use jegy_8h__dep__incl.pdf>
Package pdftex.def Info: jegy_8h__dep__incl.pdf  used on input line 16.
(pdftex.def)             Requested size: 286.0pt x 271.00697pt.
 [56])
(./jegy_8h_source.tex [57] [58]) (./kiosk_8cpp.tex <./kiosk_8cpp__incl.pdf>
<kiosk_8cpp__incl.pdf, id=3081, 660.4675pt x 499.8675pt>
File: kiosk_8cpp__incl.pdf Graphic file (type pdf)
<use kiosk_8cpp__incl.pdf>
Package pdftex.def Info: kiosk_8cpp__incl.pdf  used on input line 15.
(pdftex.def)             Requested size: 350.0pt x 264.898pt.
)
(./kiosk_8cpp_source.tex [59] [60]) (./kiosk_8h.tex <./kiosk_8h__incl.pdf>
<kiosk_8h__incl.pdf, id=3253, 441.65pt x 386.44376pt>
File: kiosk_8h__incl.pdf Graphic file (type pdf)
<use kiosk_8h__incl.pdf>
Package pdftex.def Info: kiosk_8h__incl.pdf  used on input line 11.
(pdftex.def)             Requested size: 350.0pt x 306.26607pt.
 <./kiosk_8h__dep__incl.pdf>
<kiosk_8h__dep__incl.pdf, id=3261, 262.9825pt x 214.8025pt>
File: kiosk_8h__dep__incl.pdf Graphic file (type pdf)
<use kiosk_8h__dep__incl.pdf>
Package pdftex.def Info: kiosk_8h__dep__incl.pdf  used on input line 18.
(pdftex.def)             Requested size: 262.0pt x 214.00877pt.
 [61]
Underfull \hbox (badness 10000) in paragraph at lines 44--45

 []


Package longtable Warning: Column widths have changed
(longtable)                in table 5.1 on input line 62.

) (./kiosk_8h_source.tex [62]) (./main_8cpp.tex <./main_8cpp__incl.pdf>
<main_8cpp__incl.pdf, id=3331, 453.695pt x 442.65375pt>
File: main_8cpp__incl.pdf Graphic file (type pdf)
<use main_8cpp__incl.pdf>
Package pdftex.def Info: main_8cpp__incl.pdf  used on input line 13.
(pdftex.def)             Requested size: 350.0pt x 341.48608pt.

[63] [64] <./main_8cpp_ae66f6b31b5ad750f1fe042a706a4e3d4_cgraph.pdf>
<main_8cpp_ae66f6b31b5ad750f1fe042a706a4e3d4_cgraph.pdf, id=3414, 765.86125pt x
 571.13374pt>
File: main_8cpp_ae66f6b31b5ad750f1fe042a706a4e3d4_cgraph.pdf Graphic file (type
 pdf)
<use main_8cpp_ae66f6b31b5ad750f1fe042a706a4e3d4_cgraph.pdf>
Package pdftex.def Info: main_8cpp_ae66f6b31b5ad750f1fe042a706a4e3d4_cgraph.pdf
  used on input line 103.
(pdftex.def)             Requested size: 350.0pt x 261.0079pt.
)
(./main_8cpp_source.tex [65]) (./mav_8cpp.tex <./mav_8cpp__incl.pdf>
<mav_8cpp__incl.pdf, id=3458, 519.9425pt x 499.8675pt>
File: mav_8cpp__incl.pdf Graphic file (type pdf)
<use mav_8cpp__incl.pdf>
Package pdftex.def Info: mav_8cpp__incl.pdf  used on input line 9.
(pdftex.def)             Requested size: 350.0pt x 336.48834pt.
)
(./mav_8cpp_source.tex [66] [67]) (./mav_8h.tex <./mav_8h__incl.pdf>
<mav_8h__incl.pdf, id=3612, 350.30875pt x 329.23pt>
File: mav_8h__incl.pdf Graphic file (type pdf)
<use mav_8h__incl.pdf>
Package pdftex.def Info: mav_8h__incl.pdf  used on input line 12.
(pdftex.def)             Requested size: 349.0pt x 328.0235pt.
 [68] <./mav_8h__dep__incl.pdf>
<mav_8h__dep__incl.pdf, id=3660, 448.67625pt x 386.44376pt>
File: mav_8h__dep__incl.pdf Graphic file (type pdf)
<use mav_8h__dep__incl.pdf>
Package pdftex.def Info: mav_8h__dep__incl.pdf  used on input line 19.
(pdftex.def)             Requested size: 350.0pt x 301.46619pt.
 [69]) (./mav_8h_source.tex [70]) (./seged_8h.tex <./seged_8h__incl.pdf>
<seged_8h__incl.pdf, id=3763, 511.9125pt x 499.8675pt>
File: seged_8h__incl.pdf Graphic file (type pdf)
<use seged_8h__incl.pdf>
Package pdftex.def Info: seged_8h__incl.pdf  used on input line 16.
(pdftex.def)             Requested size: 350.0pt x 341.76646pt.
 [71] <./seged_8h__dep__incl.pdf>
<seged_8h__dep__incl.pdf, id=3824, 218.8175pt x 158.5925pt>
File: seged_8h__dep__incl.pdf Graphic file (type pdf)
<use seged_8h__dep__incl.pdf>
Package pdftex.def Info: seged_8h__dep__incl.pdf  used on input line 23.
(pdftex.def)             Requested size: 218.0pt x 158.00162pt.
) (./seged_8h_source.tex [72])
(./vonat_8h.tex <./vonat_8h__incl.pdf>
<vonat_8h__incl.pdf, id=3871, 324.21124pt x 329.23pt>
File: vonat_8h__incl.pdf Graphic file (type pdf)
<use vonat_8h__incl.pdf>
Package pdftex.def Info: vonat_8h__incl.pdf  used on input line 11.
(pdftex.def)             Requested size: 323.0pt x 328.01848pt.
 [73] <./vonat_8h__dep__incl.pdf>
<vonat_8h__dep__incl.pdf, id=3908, 370.38374pt x 329.23pt>
File: vonat_8h__dep__incl.pdf Graphic file (type pdf)
<use vonat_8h__dep__incl.pdf>
Package pdftex.def Info: vonat_8h__dep__incl.pdf  used on input line 18.
(pdftex.def)             Requested size: 350.0pt x 311.11394pt.

[74]) (./vonat_8h_source.tex [75]) [76]
No file refman.ind.

Package longtable Warning: Table widths have changed. Rerun LaTeX.

(./refman.aux)
 ***********
LaTeX2e <2023-11-01> patch level 1
L3 programming layer <2024-02-20>
 ***********
Package rerunfilecheck Info: File `refman.out' has not changed.
(rerunfilecheck)             Checksum: C0819D708B533F0EF17B6ECFB273F261;30082.
 ) 
Here is how much of TeX's memory you used:
 20172 strings out of 476076
 351593 string characters out of 5793775
 1948187 words of memory out of 5000000
 40713 multiletter control sequences out of 15000+600000
 614695 words of font info for 112 fonts, out of 8000000 for 9000
 14 hyphenation exceptions out of 8191
 101i,16n,117p,814b,746s stack positions out of 10000i,1000n,20000p,200000b,200000s
</usr/share/texmf-dist/fonts/type1/public/amsfonts/cm/cmmi10.pfb></usr/share/
texmf-dist/fonts/type1/public/amsfonts/cm/cmmi8.pfb></usr/share/texmf-dist/font
s/type1/public/amsfonts/cm/cmmi9.pfb></usr/share/texmf-dist/fonts/type1/public/
amsfonts/cm/cmsy10.pfb></usr/share/texmf-dist/fonts/type1/public/amsfonts/cm/cm
sy7.pfb></usr/share/texmf-dist/fonts/type1/public/amsfonts/cm/cmsy8.pfb></usr/s
hare/texmf-dist/fonts/type1/urw/courier/ucrb8a.pfb></usr/share/texmf-dist/fonts
/type1/urw/courier/ucrr8a.pfb></usr/share/texmf-dist/fonts/type1/urw/courier/uc
rro8a.pfb></usr/share/texmf-dist/fonts/type1/urw/helvetic/uhvb8a.pfb></usr/shar
e/texmf-dist/fonts/type1/urw/helvetic/uhvb8ac.pfb></usr/share/texmf-dist/fonts/
type1/urw/helvetic/uhvr8a.pfb></usr/share/texmf-dist/fonts/type1/urw/helvetic/u
hvro8a.pfb>
Output written on refman.pdf (84 pages, 884646 bytes).
PDF statistics:
 4386 PDF objects out of 5155 (max. 8388607)
 3951 compressed objects within 40 object streams
 1166 named destinations out of 1200 (max. 500000)
 1719 words of extra memory for PDF output out of 10000 (max. 10000000)

